[18:39:31] Inizio Genetic GPU Training su cpu
[18:39:31] Popolazione: 20, Generazioni: 50
[18:39:31] Individui 0 e 1 inizializzati con i pesi del Bot Advanced (68 -> 130 conversion).
[18:39:31] 
--- Generazione 1/50 ---
[18:39:32] Miglior Punteggio: 8.0 (Media: 8.0)
[18:39:32] Generazione completata in 0.5s
[18:39:32] 
--- Generazione 2/50 ---
[18:39:32] Miglior Punteggio: 8.0 (Media: 8.0)
[18:39:32] Generazione completata in 0.5s
[18:39:32] 
--- Generazione 3/50 ---
[18:39:33] Miglior Punteggio: 8.0 (Media: 8.0)
[18:39:33] Generazione completata in 0.6s
[18:39:33] 
--- Generazione 4/50 ---
[18:39:33] Miglior Punteggio: 8.0 (Media: 8.0)
[18:39:33] Generazione completata in 0.5s
[18:39:33] 
--- Generazione 5/50 ---
[18:39:34] Miglior Punteggio: 8.0 (Media: 8.0)
[18:39:34] Generazione completata in 0.5s
[18:39:34] 
--- Generazione 6/50 ---
[18:39:34] Miglior Punteggio: 8.0 (Media: 8.0)
[18:39:34] Generazione completata in 0.5s
[18:39:34] 
--- Generazione 7/50 ---
[18:39:35] Miglior Punteggio: 8.0 (Media: 8.0)
[18:39:35] Generazione completata in 0.5s
[18:39:35] 
--- Generazione 8/50 ---
[18:39:35] Miglior Punteggio: 8.0 (Media: 8.0)
[18:39:35] Generazione completata in 0.5s
[18:39:35] 
--- Generazione 9/50 ---
[18:39:36] Miglior Punteggio: 8.0 (Media: 8.0)
[18:39:36] Generazione completata in 0.5s
[18:39:36] 
--- Generazione 10/50 ---
[18:39:36] Miglior Punteggio: 8.0 (Media: 8.0)
[18:39:36] Generazione completata in 0.5s
[18:39:36] 
--- Generazione 11/50 ---
[18:39:37] Miglior Punteggio: 8.0 (Media: 8.0)
[18:39:37] Generazione completata in 0.5s
[18:39:37] 
--- Generazione 12/50 ---
[18:39:37] Miglior Punteggio: 8.0 (Media: 8.0)
[18:39:37] Generazione completata in 0.5s
[18:39:37] 
--- Generazione 13/50 ---
[18:39:38] Miglior Punteggio: 8.0 (Media: 8.0)
[18:39:38] Generazione completata in 0.5s
[18:39:38] 
--- Generazione 14/50 ---
[18:39:38] Miglior Punteggio: 8.0 (Media: 8.0)
[18:39:38] Generazione completata in 0.5s
[18:39:38] 
--- Generazione 15/50 ---
[18:39:39] Miglior Punteggio: 8.0 (Media: 8.0)
[18:39:39] Generazione completata in 0.5s
[18:39:39] 
--- Generazione 16/50 ---
[18:39:39] Miglior Punteggio: 8.0 (Media: 8.0)
[18:39:39] Generazione completata in 0.5s
[18:39:39] 
--- Generazione 17/50 ---
[18:39:40] Miglior Punteggio: 8.0 (Media: 8.0)
[18:39:40] Generazione completata in 0.5s
[18:39:40] 
--- Generazione 18/50 ---
[18:39:40] Miglior Punteggio: 8.0 (Media: 8.0)
[18:39:40] Generazione completata in 0.5s
[18:39:40] 
--- Generazione 19/50 ---
[18:39:41] Miglior Punteggio: 8.0 (Media: 8.0)
[18:39:41] Generazione completata in 0.6s
[18:39:41] 
--- Generazione 20/50 ---
[18:39:42] Miglior Punteggio: 8.0 (Media: 8.0)
[18:39:42] Generazione completata in 0.5s
[18:39:42] 
--- Generazione 21/50 ---
[18:39:42] Miglior Punteggio: 8.0 (Media: 8.0)
[18:39:42] Generazione completata in 0.5s
[18:39:42] 
--- Generazione 22/50 ---
[18:39:43] Miglior Punteggio: 8.0 (Media: 8.0)
[18:39:43] Generazione completata in 0.5s
[18:39:43] 
--- Generazione 23/50 ---
[18:39:43] Miglior Punteggio: 8.0 (Media: 8.0)
[18:39:43] Generazione completata in 0.5s
[18:39:43] 
--- Generazione 24/50 ---
[18:39:44] Miglior Punteggio: 8.0 (Media: 8.0)
[18:39:44] Generazione completata in 0.5s
[18:39:44] 
--- Generazione 25/50 ---
[18:39:44] Miglior Punteggio: 8.0 (Media: 8.0)
[18:39:44] Generazione completata in 0.5s
[18:39:44] 
--- Generazione 26/50 ---
[18:39:45] Miglior Punteggio: 8.0 (Media: 8.0)
[18:39:45] Generazione completata in 0.5s
[18:39:45] 
--- Generazione 27/50 ---
[18:39:45] Miglior Punteggio: 8.0 (Media: 8.0)
[18:39:45] Generazione completata in 0.5s
[18:39:45] 
--- Generazione 28/50 ---
[18:39:46] Miglior Punteggio: 8.0 (Media: 8.0)
[18:39:46] Generazione completata in 0.5s
[18:39:46] 
--- Generazione 29/50 ---
[18:39:46] Miglior Punteggio: 8.0 (Media: 8.0)
[18:39:46] Generazione completata in 0.5s
[18:39:46] 
--- Generazione 30/50 ---
[18:39:47] Miglior Punteggio: 8.0 (Media: 8.0)
[18:39:47] Generazione completata in 0.5s
[18:39:47] 
--- Generazione 31/50 ---
[18:39:47] Miglior Punteggio: 8.0 (Media: 8.0)
[18:39:47] Generazione completata in 0.5s
[18:39:47] 
--- Generazione 32/50 ---
[18:39:48] Miglior Punteggio: 8.0 (Media: 8.0)
[18:39:48] Generazione completata in 0.5s
[18:39:48] 
--- Generazione 33/50 ---
[18:39:48] Miglior Punteggio: 8.0 (Media: 8.0)
[18:39:48] Generazione completata in 0.5s
[18:39:48] 
--- Generazione 34/50 ---
[18:39:49] Miglior Punteggio: 8.0 (Media: 8.0)
[18:39:49] Generazione completata in 0.5s
[18:39:49] 
--- Generazione 35/50 ---
[18:39:49] Miglior Punteggio: 8.0 (Media: 8.0)
[18:39:49] Generazione completata in 0.5s
[18:39:49] 
--- Generazione 36/50 ---
[18:39:50] Miglior Punteggio: 8.0 (Media: 8.0)
[18:39:50] Generazione completata in 0.5s
[18:39:50] 
--- Generazione 37/50 ---
[18:39:50] Miglior Punteggio: 8.0 (Media: 8.0)
[18:39:50] Generazione completata in 0.5s
[18:39:50] 
--- Generazione 38/50 ---
[18:39:51] Miglior Punteggio: 8.0 (Media: 8.0)
[18:39:51] Generazione completata in 0.5s
[18:39:51] 
--- Generazione 39/50 ---
[18:39:51] Miglior Punteggio: 8.0 (Media: 8.0)
[18:39:51] Generazione completata in 0.5s
[18:39:51] 
--- Generazione 40/50 ---
[18:39:52] Miglior Punteggio: 8.0 (Media: 8.0)
[18:39:52] Generazione completata in 0.5s
[18:39:52] 
--- Generazione 41/50 ---
[18:39:52] Miglior Punteggio: 8.0 (Media: 8.0)
[18:39:52] Generazione completata in 0.5s
[18:39:52] 
--- Generazione 42/50 ---
[18:39:53] Miglior Punteggio: 8.0 (Media: 8.0)
[18:39:53] Generazione completata in 0.5s
[18:39:53] 
--- Generazione 43/50 ---
[18:39:53] Miglior Punteggio: 8.0 (Media: 8.0)
[18:39:54] Generazione completata in 0.5s
[18:39:54] 
--- Generazione 44/50 ---
[18:39:54] Miglior Punteggio: 8.0 (Media: 8.0)
[18:39:54] Generazione completata in 0.5s
[18:39:54] 
--- Generazione 45/50 ---
[18:39:55] Miglior Punteggio: 8.0 (Media: 8.0)
[18:39:55] Generazione completata in 0.5s
[18:39:55] 
--- Generazione 46/50 ---
[18:39:55] Miglior Punteggio: 8.0 (Media: 8.0)
[18:39:55] Generazione completata in 0.5s
[18:39:55] 
--- Generazione 47/50 ---
[18:39:56] Miglior Punteggio: 8.0 (Media: 8.0)
[18:39:56] Generazione completata in 0.5s
[18:39:56] 
--- Generazione 48/50 ---
[18:39:56] Miglior Punteggio: 8.0 (Media: 8.0)
[18:39:56] Generazione completata in 0.5s
[18:39:56] 
--- Generazione 49/50 ---
[18:39:57] Miglior Punteggio: 8.0 (Media: 8.0)
[18:39:57] Generazione completata in 0.5s
[18:39:57] 
--- Generazione 50/50 ---
[18:39:57] Miglior Punteggio: 8.0 (Media: 8.0)
[18:39:57] Generazione completata in 0.5s
[18:39:57] 
Training Completato! Migliori pesi salvati in 'logs/gpu_weights.pth'
